2021-03-06 06:17:31,294 INFO o.a.j.u.JMeterUtils: Setting Locale to en_EN
2021-03-06 06:17:31,308 INFO o.a.j.JMeter: Loading user properties from: /opt/apache-jmeter-5.3/bin/user.properties
2021-03-06 06:17:31,321 INFO o.a.j.JMeter: Loading system properties from: /opt/apache-jmeter-5.3/bin/system.properties
2021-03-06 06:17:31,323 INFO o.a.j.JMeter: Copyright (c) 1998-2020 The Apache Software Foundation
2021-03-06 06:17:31,323 INFO o.a.j.JMeter: Version 5.3
2021-03-06 06:17:31,323 INFO o.a.j.JMeter: java.version=1.8.0_252
2021-03-06 06:17:31,324 INFO o.a.j.JMeter: java.vm.name=OpenJDK 64-Bit Server VM
2021-03-06 06:17:31,324 INFO o.a.j.JMeter: os.name=Linux
2021-03-06 06:17:31,324 INFO o.a.j.JMeter: os.arch=amd64
2021-03-06 06:17:31,324 INFO o.a.j.JMeter: os.version=4.19.121-linuxkit
2021-03-06 06:17:31,325 INFO o.a.j.JMeter: file.encoding=UTF-8
2021-03-06 06:17:31,325 INFO o.a.j.JMeter: java.awt.headless=true
2021-03-06 06:17:31,325 INFO o.a.j.JMeter: Max memory     =6266290176
2021-03-06 06:17:31,326 INFO o.a.j.JMeter: Available Processors =2
2021-03-06 06:17:31,331 INFO o.a.j.JMeter: Default Locale=English (EN)
2021-03-06 06:17:31,332 INFO o.a.j.JMeter: JMeter  Locale=English (EN)
2021-03-06 06:17:31,332 INFO o.a.j.JMeter: JMeterHome=/opt/apache-jmeter-5.3
2021-03-06 06:17:31,332 INFO o.a.j.JMeter: user.dir  =/jmeter
2021-03-06 06:17:31,333 INFO o.a.j.JMeter: PWD       =/jmeter
2021-03-06 06:17:31,333 INFO o.a.j.JMeter: IP: 172.17.0.3 Name: 06bf5562e7b5 FullName: 06bf5562e7b5
2021-03-06 06:17:31,338 INFO o.a.j.s.FileServer: Default base='/jmeter'
2021-03-06 06:17:31,342 INFO o.a.j.s.FileServer: Set new base='/jmeter'
2021-03-06 06:17:31,440 INFO o.a.j.s.SaveService: Testplan (JMX) version: 2.2. Testlog (JTL) version: 2.2
2021-03-06 06:17:31,456 INFO o.a.j.s.SaveService: Using SaveService properties file encoding UTF-8
2021-03-06 06:17:31,460 INFO o.a.j.s.SaveService: Using SaveService properties version 5.0
2021-03-06 06:17:31,465 INFO o.a.j.s.SaveService: Loading file: Hello_World_Test_Plan.jmx
2021-03-06 06:17:31,506 INFO o.a.j.p.h.s.HTTPSamplerBase: Parser for text/html is org.apache.jmeter.protocol.http.parser.LagartoBasedHtmlParser
2021-03-06 06:17:31,506 INFO o.a.j.p.h.s.HTTPSamplerBase: Parser for application/xhtml+xml is org.apache.jmeter.protocol.http.parser.LagartoBasedHtmlParser
2021-03-06 06:17:31,507 INFO o.a.j.p.h.s.HTTPSamplerBase: Parser for application/xml is org.apache.jmeter.protocol.http.parser.LagartoBasedHtmlParser
2021-03-06 06:17:31,508 INFO o.a.j.p.h.s.HTTPSamplerBase: Parser for text/xml is org.apache.jmeter.protocol.http.parser.LagartoBasedHtmlParser
2021-03-06 06:17:31,508 INFO o.a.j.p.h.s.HTTPSamplerBase: Parser for text/vnd.wap.wml is org.apache.jmeter.protocol.http.parser.RegexpHTMLParser
2021-03-06 06:17:31,508 INFO o.a.j.p.h.s.HTTPSamplerBase: Parser for text/css is org.apache.jmeter.protocol.http.parser.CssParser
2021-03-06 06:17:31,526 INFO o.a.j.JMeter: Creating summariser <summary>
2021-03-06 06:17:31,533 INFO o.a.j.e.StandardJMeterEngine: Running the test!
2021-03-06 06:17:31,534 INFO o.a.j.s.SampleEvent: List of sample_variables: []
2021-03-06 06:17:31,534 INFO o.a.j.s.SampleEvent: List of sample_variables: []
2021-03-06 06:17:31,538 INFO o.a.j.e.u.CompoundVariable: Note: Function class names must contain the string: '.functions.'
2021-03-06 06:17:31,539 INFO o.a.j.e.u.CompoundVariable: Note: Function class names must not contain the string: '.gui.'
2021-03-06 06:17:31,773 INFO o.a.j.JMeter: Running test (1615011451773)
2021-03-06 06:17:31,814 INFO o.a.j.e.StandardJMeterEngine: Starting ThreadGroup: 1 : Thread Group
2021-03-06 06:17:31,815 INFO o.a.j.e.StandardJMeterEngine: Starting 20 threads for group Thread Group.
2021-03-06 06:17:31,816 INFO o.a.j.e.StandardJMeterEngine: Thread will continue on error
2021-03-06 06:17:31,816 INFO o.a.j.t.ThreadGroup: Starting thread group... number=1 threads=20 ramp-up=5 delayedStart=false
2021-03-06 06:17:31,825 INFO o.a.j.t.JMeterThread: Thread started: Thread Group 1-1
2021-03-06 06:17:31,843 INFO o.a.j.p.h.s.HTTPHCAbstractImpl: Local host = 06bf5562e7b5
2021-03-06 06:17:31,849 INFO o.a.j.p.h.s.HTTPHC4Impl: HTTP request retry count = 0
2021-03-06 06:17:31,851 INFO o.a.j.s.SampleResult: Note: Sample TimeStamps are START times
2021-03-06 06:17:31,852 INFO o.a.j.s.SampleResult: sampleresult.default.encoding is set to ISO-8859-1
2021-03-06 06:17:31,852 INFO o.a.j.s.SampleResult: sampleresult.useNanoTime=true
2021-03-06 06:17:31,853 INFO o.a.j.s.SampleResult: sampleresult.nanoThreadSleep=5000
2021-03-06 06:17:31,865 INFO o.a.j.t.ThreadGroup: Started thread group number 1
2021-03-06 06:17:31,865 INFO o.a.j.e.StandardJMeterEngine: All thread groups have been started
2021-03-06 06:17:32,072 INFO o.a.j.t.JMeterThread: Thread started: Thread Group 1-2
2021-03-06 06:17:32,321 INFO o.a.j.t.JMeterThread: Thread started: Thread Group 1-3
2021-03-06 06:17:32,572 INFO o.a.j.t.JMeterThread: Thread started: Thread Group 1-4
2021-03-06 06:17:32,822 INFO o.a.j.t.JMeterThread: Thread started: Thread Group 1-5
2021-03-06 06:17:32,916 INFO o.a.j.t.JMeterThread: Thread is done: Thread Group 1-3
2021-03-06 06:17:32,916 INFO o.a.j.t.JMeterThread: Thread finished: Thread Group 1-3
2021-03-06 06:17:32,916 INFO o.a.j.r.Summariser: summary +      1 in 00:00:01 =    0.9/s Avg:   335 Min:   335 Max:   335 Err:     0 (0.00%) Active: 5 Started: 5 Finished: 0
2021-03-06 06:17:32,917 INFO o.a.j.t.JMeterThread: Thread is done: Thread Group 1-4
2021-03-06 06:17:32,917 INFO o.a.j.t.JMeterThread: Thread finished: Thread Group 1-4
2021-03-06 06:17:32,919 INFO o.a.j.t.JMeterThread: Thread is done: Thread Group 1-5
2021-03-06 06:17:32,919 INFO o.a.j.t.JMeterThread: Thread is done: Thread Group 1-2
2021-03-06 06:17:32,919 INFO o.a.j.t.JMeterThread: Thread finished: Thread Group 1-5
2021-03-06 06:17:32,919 INFO o.a.j.t.JMeterThread: Thread finished: Thread Group 1-2
2021-03-06 06:17:32,924 INFO o.a.j.t.JMeterThread: Thread is done: Thread Group 1-1
2021-03-06 06:17:32,925 INFO o.a.j.t.JMeterThread: Thread finished: Thread Group 1-1
2021-03-06 06:17:33,069 INFO o.a.j.t.JMeterThread: Thread started: Thread Group 1-6
2021-03-06 06:17:33,078 INFO o.a.j.t.JMeterThread: Thread is done: Thread Group 1-6
2021-03-06 06:17:33,078 INFO o.a.j.t.JMeterThread: Thread finished: Thread Group 1-6
2021-03-06 06:17:33,325 INFO o.a.j.t.JMeterThread: Thread started: Thread Group 1-7
2021-03-06 06:17:33,336 INFO o.a.j.t.JMeterThread: Thread is done: Thread Group 1-7
2021-03-06 06:17:33,336 INFO o.a.j.t.JMeterThread: Thread finished: Thread Group 1-7
2021-03-06 06:17:33,580 INFO o.a.j.t.JMeterThread: Thread started: Thread Group 1-8
2021-03-06 06:17:33,588 INFO o.a.j.t.JMeterThread: Thread is done: Thread Group 1-8
2021-03-06 06:17:33,588 INFO o.a.j.t.JMeterThread: Thread finished: Thread Group 1-8
2021-03-06 06:17:33,822 INFO o.a.j.t.JMeterThread: Thread started: Thread Group 1-9
2021-03-06 06:17:33,832 INFO o.a.j.t.JMeterThread: Thread is done: Thread Group 1-9
2021-03-06 06:17:33,833 INFO o.a.j.t.JMeterThread: Thread finished: Thread Group 1-9
2021-03-06 06:17:34,077 INFO o.a.j.t.JMeterThread: Thread started: Thread Group 1-10
2021-03-06 06:17:34,085 INFO o.a.j.t.JMeterThread: Thread is done: Thread Group 1-10
2021-03-06 06:17:34,086 INFO o.a.j.t.JMeterThread: Thread finished: Thread Group 1-10
2021-03-06 06:17:34,318 INFO o.a.j.t.JMeterThread: Thread started: Thread Group 1-11
2021-03-06 06:17:34,326 INFO o.a.j.t.JMeterThread: Thread is done: Thread Group 1-11
2021-03-06 06:17:34,327 INFO o.a.j.t.JMeterThread: Thread finished: Thread Group 1-11
2021-03-06 06:17:34,569 INFO o.a.j.t.JMeterThread: Thread started: Thread Group 1-12
2021-03-06 06:17:34,577 INFO o.a.j.t.JMeterThread: Thread is done: Thread Group 1-12
2021-03-06 06:17:34,577 INFO o.a.j.t.JMeterThread: Thread finished: Thread Group 1-12
2021-03-06 06:17:34,820 INFO o.a.j.t.JMeterThread: Thread started: Thread Group 1-13
2021-03-06 06:17:34,828 INFO o.a.j.t.JMeterThread: Thread is done: Thread Group 1-13
2021-03-06 06:17:34,828 INFO o.a.j.t.JMeterThread: Thread finished: Thread Group 1-13
2021-03-06 06:17:35,070 INFO o.a.j.t.JMeterThread: Thread started: Thread Group 1-14
2021-03-06 06:17:35,077 INFO o.a.j.t.JMeterThread: Thread is done: Thread Group 1-14
2021-03-06 06:17:35,078 INFO o.a.j.t.JMeterThread: Thread finished: Thread Group 1-14
2021-03-06 06:17:35,320 INFO o.a.j.t.JMeterThread: Thread started: Thread Group 1-15
2021-03-06 06:17:35,328 INFO o.a.j.t.JMeterThread: Thread is done: Thread Group 1-15
2021-03-06 06:17:35,329 INFO o.a.j.t.JMeterThread: Thread finished: Thread Group 1-15
2021-03-06 06:17:35,568 INFO o.a.j.t.JMeterThread: Thread started: Thread Group 1-16
2021-03-06 06:17:35,576 INFO o.a.j.t.JMeterThread: Thread is done: Thread Group 1-16
2021-03-06 06:17:35,576 INFO o.a.j.t.JMeterThread: Thread finished: Thread Group 1-16
2021-03-06 06:17:35,820 INFO o.a.j.t.JMeterThread: Thread started: Thread Group 1-17
2021-03-06 06:17:35,828 INFO o.a.j.t.JMeterThread: Thread is done: Thread Group 1-17
2021-03-06 06:17:35,829 INFO o.a.j.t.JMeterThread: Thread finished: Thread Group 1-17
2021-03-06 06:17:36,069 INFO o.a.j.t.JMeterThread: Thread started: Thread Group 1-18
2021-03-06 06:17:36,078 INFO o.a.j.t.JMeterThread: Thread is done: Thread Group 1-18
2021-03-06 06:17:36,078 INFO o.a.j.t.JMeterThread: Thread finished: Thread Group 1-18
2021-03-06 06:17:36,318 INFO o.a.j.t.JMeterThread: Thread started: Thread Group 1-19
2021-03-06 06:17:36,328 INFO o.a.j.t.JMeterThread: Thread is done: Thread Group 1-19
2021-03-06 06:17:36,329 INFO o.a.j.t.JMeterThread: Thread finished: Thread Group 1-19
2021-03-06 06:17:36,568 INFO o.a.j.t.JMeterThread: Thread started: Thread Group 1-20
2021-03-06 06:17:36,578 INFO o.a.j.t.JMeterThread: Thread is done: Thread Group 1-20
2021-03-06 06:17:36,578 INFO o.a.j.t.JMeterThread: Thread finished: Thread Group 1-20
2021-03-06 06:17:36,579 INFO o.a.j.e.StandardJMeterEngine: Notifying test listeners of end of test
2021-03-06 06:17:36,580 INFO o.a.j.r.Summariser: summary +     19 in 00:00:04 =    5.2/s Avg:   138 Min:     6 Max:   992 Err:     0 (0.00%) Active: 0 Started: 20 Finished: 20
2021-03-06 06:17:36,581 INFO o.a.j.r.Summariser: summary =     20 in 00:00:05 =    4.2/s Avg:   148 Min:     6 Max:   992 Err:     0 (0.00%)
